Build started 5/7/2019 3:22:29 PM.
     1>Project "C:\Temp\week8\pendulum\pendulum\pendulum.vcxproj" on node 2 (build target(s)).
     1>InitializeBuildStatus:
         Creating "Debug\pendulum.unsuccessfulbuild" because "AlwaysCreate" was specified.
       ClCompile:
         All outputs are up-to-date.
         c:\Program Files (x86)\Microsoft Visual Studio 10.0\VC\bin\CL.exe /c /I"X:\NEW GRAPHICS\week8\pendulum\freeglut_bin" /ZI /nologo /W3 /WX- /Od /Oy- /D WIN32 /D _DEBUG /D _CONSOLE /D _UNICODE /D UNICODE /Gm /EHsc /RTC1 /MDd /GS /fp:precise /Zc:wchar_t /Zc:forScope /Yu"StdAfx.h" /Fp"Debug\pendulum.pch" /Fo"Debug\\" /Fd"Debug\vc100.pdb" /Gd /TP /analyze- /errorReport:prompt pendulum.cpp
         pendulum.cpp
     1>c:\temp\week8\pendulum\pendulum\pendulum.cpp(20): warning C4305: 'initializing' : truncation from 'double' to 'float'
     1>c:\temp\week8\pendulum\pendulum\pendulum.cpp(21): warning C4305: 'initializing' : truncation from 'double' to 'float'
     1>c:\temp\week8\pendulum\pendulum\pendulum.cpp(24): warning C4305: 'initializing' : truncation from 'double' to 'float'
     1>c:\temp\week8\pendulum\pendulum\pendulum.cpp(32): warning C4305: 'initializing' : truncation from 'double' to 'float'
     1>c:\temp\week8\pendulum\pendulum\pendulum.cpp(33): warning C4305: 'initializing' : truncation from 'double' to 'float'
     1>c:\temp\week8\pendulum\pendulum\pendulum.cpp(84): warning C4244: 'argument' : conversion from 'float' to 'int', possible loss of data
     1>c:\temp\week8\pendulum\pendulum\pendulum.cpp(84): warning C4244: 'argument' : conversion from 'float' to 'int', possible loss of data
     1>c:\temp\week8\pendulum\pendulum\pendulum.cpp(85): warning C4996: 'sprintf': This function or variable may be unsafe. Consider using sprintf_s instead. To disable deprecation, use _CRT_SECURE_NO_WARNINGS. See online help for details.
                 c:\program files (x86)\microsoft visual studio 10.0\vc\include\stdio.h(371) : see declaration of 'sprintf'
     1>c:\temp\week8\pendulum\pendulum\pendulum.cpp(87): warning C4244: 'argument' : conversion from 'float' to 'int', possible loss of data
     1>c:\temp\week8\pendulum\pendulum\pendulum.cpp(87): warning C4244: 'argument' : conversion from 'float' to 'int', possible loss of data
     1>c:\temp\week8\pendulum\pendulum\pendulum.cpp(88): warning C4996: 'sprintf': This function or variable may be unsafe. Consider using sprintf_s instead. To disable deprecation, use _CRT_SECURE_NO_WARNINGS. See online help for details.
                 c:\program files (x86)\microsoft visual studio 10.0\vc\include\stdio.h(371) : see declaration of 'sprintf'
     1>c:\temp\week8\pendulum\pendulum\pendulum.cpp(90): warning C4244: 'argument' : conversion from 'float' to 'int', possible loss of data
     1>c:\temp\week8\pendulum\pendulum\pendulum.cpp(90): warning C4244: 'argument' : conversion from 'float' to 'int', possible loss of data
     1>c:\temp\week8\pendulum\pendulum\pendulum.cpp(91): warning C4244: 'argument' : conversion from 'float' to 'int', possible loss of data
     1>c:\temp\week8\pendulum\pendulum\pendulum.cpp(91): warning C4244: 'argument' : conversion from 'float' to 'int', possible loss of data
     1>c:\temp\week8\pendulum\pendulum\pendulum.cpp(92): warning C4996: 'sprintf': This function or variable may be unsafe. Consider using sprintf_s instead. To disable deprecation, use _CRT_SECURE_NO_WARNINGS. See online help for details.
                 c:\program files (x86)\microsoft visual studio 10.0\vc\include\stdio.h(371) : see declaration of 'sprintf'
     1>c:\temp\week8\pendulum\pendulum\pendulum.cpp(94): warning C4244: 'argument' : conversion from 'float' to 'int', possible loss of data
     1>c:\temp\week8\pendulum\pendulum\pendulum.cpp(94): warning C4244: 'argument' : conversion from 'float' to 'int', possible loss of data
     1>c:\temp\week8\pendulum\pendulum\pendulum.cpp(95): warning C4996: 'sprintf': This function or variable may be unsafe. Consider using sprintf_s instead. To disable deprecation, use _CRT_SECURE_NO_WARNINGS. See online help for details.
                 c:\program files (x86)\microsoft visual studio 10.0\vc\include\stdio.h(371) : see declaration of 'sprintf'
     1>c:\temp\week8\pendulum\pendulum\pendulum.cpp(97): warning C4244: 'argument' : conversion from 'float' to 'int', possible loss of data
     1>c:\temp\week8\pendulum\pendulum\pendulum.cpp(97): warning C4244: 'argument' : conversion from 'float' to 'int', possible loss of data
     1>c:\temp\week8\pendulum\pendulum\pendulum.cpp(98): warning C4244: 'argument' : conversion from 'float' to 'int', possible loss of data
     1>c:\temp\week8\pendulum\pendulum\pendulum.cpp(98): warning C4244: 'argument' : conversion from 'float' to 'int', possible loss of data
     1>c:\temp\week8\pendulum\pendulum\pendulum.cpp(99): warning C4244: 'argument' : conversion from 'float' to 'int', possible loss of data
     1>c:\temp\week8\pendulum\pendulum\pendulum.cpp(138): warning C4305: '+=' : truncation from 'double' to 'float'
     1>c:\temp\week8\pendulum\pendulum\pendulum.cpp(158): warning C4305: '+=' : truncation from 'double' to 'float'
     1>c:\temp\week8\pendulum\pendulum\pendulum.cpp(166): warning C4305: '+=' : truncation from 'double' to 'float'
     1>c:\temp\week8\pendulum\pendulum\pendulum.cpp(195): warning C4244: 'initializing' : conversion from 'double' to 'float', possible loss of data
     1>c:\temp\week8\pendulum\pendulum\pendulum.cpp(198): warning C4244: 'initializing' : conversion from 'double' to 'float', possible loss of data
     1>c:\temp\week8\pendulum\pendulum\pendulum.cpp(199): warning C4244: 'initializing' : conversion from 'double' to 'float', possible loss of data
     1>c:\temp\week8\pendulum\pendulum\pendulum.cpp(208): warning C4305: '+=' : truncation from 'double' to 'float'
     1>c:\temp\week8\pendulum\pendulum\pendulum.cpp(220): warning C4244: '-=' : conversion from 'double' to 'float', possible loss of data
     1>c:\temp\week8\pendulum\pendulum\pendulum.cpp(246): warning C4244: 'argument' : conversion from 'float' to 'unsigned int', possible loss of data
     1>c:\temp\week8\pendulum\pendulum\pendulum.cpp(269): warning C4244: 'argument' : conversion from 'float' to 'unsigned int', possible loss of data
     1>c:\temp\week8\pendulum\pendulum\pendulum.cpp(289): warning C4244: 'argument' : conversion from 'int' to 'GLfloat', possible loss of data
     1>c:\temp\week8\pendulum\pendulum\pendulum.cpp(289): warning C4244: 'argument' : conversion from 'int' to 'GLfloat', possible loss of data
     1>c:\temp\week8\pendulum\pendulum\pendulum.cpp(318): warning C4244: 'argument' : conversion from 'double' to 'unsigned int', possible loss of data
       ManifestResourceCompile:
         All outputs are up-to-date.
       Link:
         c:\Program Files (x86)\Microsoft Visual Studio 10.0\VC\bin\link.exe /ERRORREPORT:PROMPT /OUT:"C:\Temp\week8\pendulum\Debug\pendulum.exe" /INCREMENTAL /NOLOGO /LIBPATH:"X:\NEW GRAPHICS\week8\pendulum\freeglut_bin" kernel32.lib user32.lib gdi32.lib winspool.lib comdlg32.lib advapi32.lib shell32.lib ole32.lib oleaut32.lib uuid.lib odbc32.lib odbccp32.lib /MANIFEST /ManifestFile:"Debug\pendulum.exe.intermediate.manifest" /MANIFESTUAC:"level='asInvoker' uiAccess='false'" /DEBUG /PDB:"C:\Temp\week8\pendulum\Debug\pendulum.pdb" /SUBSYSTEM:CONSOLE /TLBID:1 /DYNAMICBASE /NXCOMPAT /IMPLIB:"C:\Temp\week8\pendulum\Debug\pendulum.lib" /MACHINE:X86 Debug\pendulum.exe.embed.manifest.res
         Debug\pendulum.obj
         Debug\stdafx.obj
       Manifest:
         C:\Program Files (x86)\Microsoft SDKs\Windows\v7.0A\bin\mt.exe /nologo /verbose /out:"Debug\pendulum.exe.embed.manifest" /manifest Debug\pendulum.exe.intermediate.manifest
         All outputs are up-to-date.
       LinkEmbedManifest:
         All outputs are up-to-date.
         pendulum.vcxproj -> C:\Temp\week8\pendulum\Debug\pendulum.exe
       FinalizeBuildStatus:
         Deleting file "Debug\pendulum.unsuccessfulbuild".
         Touching "Debug\pendulum.lastbuildstate".
     1>Done Building Project "C:\Temp\week8\pendulum\pendulum\pendulum.vcxproj" (build target(s)).

Build succeeded.

Time Elapsed 00:00:01.52
